2025-06-25 17:39:49,344 - INFO - Running Western Union scraper once...
2025-06-25 17:39:49,346 - INFO - ====== WebDriver manager ======
2025-06-25 17:39:51,504 - INFO - Get LATEST chromedriver version for google-chrome
2025-06-25 17:39:52,192 - INFO - Get LATEST chromedriver version for google-chrome
2025-06-25 17:39:52,710 - INFO - Driver [C:\Users\USER\.wdm\drivers\chromedriver\win64\137.0.7151.119\chromedriver-win32/chromedriver.exe] found in cache
2025-06-25 17:40:00,045 - ERROR - Attempt 1: Error extracting rate from https://www.westernunion.com/fr/fr/currency-converter/eur-to-tnd-rate.html: list index out of range
2025-06-25 17:40:05,183 - INFO - ====== WebDriver manager ======
2025-06-25 17:40:06,145 - INFO - Get LATEST chromedriver version for google-chrome
2025-06-25 17:40:06,692 - INFO - Get LATEST chromedriver version for google-chrome
2025-06-25 17:40:07,426 - INFO - Driver [C:\Users\USER\.wdm\drivers\chromedriver\win64\137.0.7151.119\chromedriver-win32/chromedriver.exe] found in cache
2025-06-25 17:40:17,757 - INFO - Extracted rate from https://www.westernunion.com/fr/fr/currency-converter/eur-to-tnd-rate.html: 1 EUR = 3.421
2025-06-25 17:40:24,193 - INFO - ====== WebDriver manager ======
2025-06-25 17:40:25,150 - INFO - Get LATEST chromedriver version for google-chrome
2025-06-25 17:40:26,134 - INFO - Get LATEST chromedriver version for google-chrome
2025-06-25 17:40:27,130 - INFO - Driver [C:\Users\USER\.wdm\drivers\chromedriver\win64\137.0.7151.119\chromedriver-win32/chromedriver.exe] found in cache
2025-06-25 17:40:33,109 - INFO - Extracted rate from https://www.westernunion.com/fr/fr/currency-converter/eur-to-mad-rate.html: 1 EUR = 10.8068
2025-06-25 17:40:39,291 - INFO - ====== WebDriver manager ======
2025-06-25 17:40:41,562 - INFO - Get LATEST chromedriver version for google-chrome
2025-06-25 17:40:42,627 - INFO - Get LATEST chromedriver version for google-chrome
2025-06-25 17:40:51,722 - INFO - Driver [C:\Users\USER\.wdm\drivers\chromedriver\win64\137.0.7151.119\chromedriver-win32/chromedriver.exe] found in cache
2025-06-25 17:40:59,996 - INFO - Clicked on cookie consent button.
2025-06-25 17:41:01,824 - INFO - Saved screenshot to moneygram_debug_1750869661.png
2025-06-25 17:41:01,933 - INFO - MoneyGram found text: Send up to 8,809.00 EUR
2025-06-25 17:41:01,952 - INFO - MoneyGram found text: 1 EUR = 3.4170 TND
2025-06-25 17:41:08,381 - INFO - ====== WebDriver manager ======
2025-06-25 17:41:10,582 - INFO - Get LATEST chromedriver version for google-chrome
2025-06-25 17:41:11,650 - INFO - Get LATEST chromedriver version for google-chrome
2025-06-25 17:41:12,646 - INFO - Driver [C:\Users\USER\.wdm\drivers\chromedriver\win64\137.0.7151.119\chromedriver-win32/chromedriver.exe] found in cache
2025-06-25 17:41:19,709 - INFO - Clicked on cookie consent button.
2025-06-25 17:41:21,112 - INFO - Saved screenshot to moneygram_debug_1750869680.png
2025-06-25 17:41:21,175 - INFO - MoneyGram found text: Send up to 8,809.00 EUR
2025-06-25 17:41:21,197 - INFO - MoneyGram found text: 1 EUR = 10.6375 MAD
2025-06-25 17:41:27,554 - INFO - ====== WebDriver manager ======
2025-06-25 17:41:29,313 - INFO - Get LATEST chromedriver version for google-chrome
2025-06-25 17:41:29,859 - INFO - Get LATEST chromedriver version for google-chrome
2025-06-25 17:41:30,434 - INFO - Driver [C:\Users\USER\.wdm\drivers\chromedriver\win64\137.0.7151.119\chromedriver-win32/chromedriver.exe] found in cache
2025-06-25 17:41:37,119 - INFO - LemFi found text: Voir nos tarifs
2025-06-25 17:41:37,137 - INFO - LemFi found text: 1 EUR = 3.37 TND
2025-06-25 17:41:43,380 - INFO - ====== WebDriver manager ======
2025-06-25 17:41:44,269 - INFO - Get LATEST chromedriver version for google-chrome
2025-06-25 17:41:44,781 - INFO - Get LATEST chromedriver version for google-chrome
2025-06-25 17:41:45,479 - INFO - Driver [C:\Users\USER\.wdm\drivers\chromedriver\win64\137.0.7151.119\chromedriver-win32/chromedriver.exe] found in cache
2025-06-25 17:41:51,795 - INFO - LemFi found text: Voir nos tarifs
2025-06-25 17:41:51,814 - INFO - LemFi found text: 1 EUR = 10.43 MAD
2025-06-25 17:41:58,083 - INFO - ====== WebDriver manager ======
2025-06-25 17:41:59,155 - INFO - Get LATEST chromedriver version for google-chrome
2025-06-25 17:41:59,663 - INFO - Get LATEST chromedriver version for google-chrome
2025-06-25 17:42:00,411 - INFO - Driver [C:\Users\USER\.wdm\drivers\chromedriver\win64\137.0.7151.119\chromedriver-win32/chromedriver.exe] found in cache
2025-06-25 17:42:06,032 - INFO - Remitly found text: 1 EUR = 3,2844 TND
2025-06-25 17:42:12,318 - INFO - ====== WebDriver manager ======
2025-06-25 17:42:13,222 - INFO - Get LATEST chromedriver version for google-chrome
2025-06-25 17:42:13,738 - INFO - Get LATEST chromedriver version for google-chrome
2025-06-25 17:42:14,254 - INFO - Driver [C:\Users\USER\.wdm\drivers\chromedriver\win64\137.0.7151.119\chromedriver-win32/chromedriver.exe] found in cache
2025-06-25 17:42:19,608 - INFO - Remitly found text: 1 EUR = 10,69 MAD
2025-06-25 17:42:25,803 - INFO - ====== WebDriver manager ======
2025-06-25 17:42:26,875 - INFO - Get LATEST chromedriver version for google-chrome
2025-06-25 17:42:27,735 - INFO - Get LATEST chromedriver version for google-chrome
2025-06-25 17:42:28,874 - INFO - Driver [C:\Users\USER\.wdm\drivers\chromedriver\win64\137.0.7151.119\chromedriver-win32/chromedriver.exe] found in cache
2025-06-25 17:42:35,443 - INFO - Ria found text: 1,00000 EUR = 3,36603 TND
2025-06-25 17:42:41,912 - INFO - ====== WebDriver manager ======
2025-06-25 17:42:43,447 - INFO - Get LATEST chromedriver version for google-chrome
2025-06-25 17:42:43,958 - INFO - Get LATEST chromedriver version for google-chrome
2025-06-25 17:42:44,603 - INFO - Driver [C:\Users\USER\.wdm\drivers\chromedriver\win64\137.0.7151.119\chromedriver-win32/chromedriver.exe] found in cache
2025-06-25 17:42:50,192 - INFO - Ria found text: 1,00000 EUR = 10,57076 MAD
2025-06-25 17:42:56,396 - INFO - ====== WebDriver manager ======
2025-06-25 17:42:58,011 - INFO - Get LATEST chromedriver version for google-chrome
2025-06-25 17:42:59,021 - INFO - Get LATEST chromedriver version for google-chrome
2025-06-25 17:43:00,083 - INFO - Driver [C:\Users\USER\.wdm\drivers\chromedriver\win64\137.0.7151.119\chromedriver-win32/chromedriver.exe] found in cache
2025-06-25 17:43:03,996 - INFO - MyEasyTransfer found text: Tunisie
2025-06-25 17:43:04,016 - INFO - MyEasyTransfer found text: Votre Taux de change: 3.29 TND
2025-06-25 17:43:10,255 - INFO - ====== WebDriver manager ======
2025-06-25 17:43:11,285 - INFO - Get LATEST chromedriver version for google-chrome
2025-06-25 17:43:11,879 - INFO - Get LATEST chromedriver version for google-chrome
2025-06-25 17:43:12,911 - INFO - Driver [C:\Users\USER\.wdm\drivers\chromedriver\win64\137.0.7151.119\chromedriver-win32/chromedriver.exe] found in cache
2025-06-25 17:43:17,416 - INFO - MyEasyTransfer found text: Maroc
2025-06-25 17:43:17,432 - INFO - MyEasyTransfer found text: Votre Taux de change: 10.14 MAD
2025-06-25 17:43:23,707 - INFO - Created western_union_rates.csv with rates
2025-06-27 08:55:35,843 - INFO - Running Western Union scraper once...
2025-06-27 08:55:35,844 - INFO - ====== WebDriver manager ======
2025-06-27 08:55:37,470 - INFO - Get LATEST chromedriver version for google-chrome
2025-06-27 08:55:38,716 - INFO - Get LATEST chromedriver version for google-chrome
2025-06-27 08:55:39,775 - INFO - Get LATEST chromedriver version for google-chrome
2025-06-27 08:55:41,373 - INFO - WebDriver version 137.0.7151.119 selected
2025-06-27 08:55:41,390 - INFO - Modern chrome version https://storage.googleapis.com/chrome-for-testing-public/137.0.7151.119/win32/chromedriver-win32.zip
2025-06-27 08:55:41,390 - INFO - About to download new driver from https://storage.googleapis.com/chrome-for-testing-public/137.0.7151.119/win32/chromedriver-win32.zip
2025-06-27 08:55:41,921 - INFO - Driver downloading response is 200
2025-06-27 08:55:45,249 - INFO - Get LATEST chromedriver version for google-chrome
2025-06-27 08:55:47,311 - INFO - Driver has been saved in cache [C:\Users\USER\.wdm\drivers\chromedriver\win64\137.0.7151.119]
2025-06-27 08:55:57,301 - INFO - Extracted rate from https://www.westernunion.com/fr/fr/currency-converter/eur-to-tnd-rate.html: 1 EUR = 3.4356
2025-06-27 08:56:03,548 - INFO - ====== WebDriver manager ======
2025-06-27 08:56:05,406 - INFO - Get LATEST chromedriver version for google-chrome
2025-06-27 08:56:06,548 - INFO - Get LATEST chromedriver version for google-chrome
2025-06-27 08:56:07,605 - INFO - Driver [C:\Users\USER\.wdm\drivers\chromedriver\win64\137.0.7151.119\chromedriver-win32/chromedriver.exe] found in cache
2025-06-27 08:56:13,795 - INFO - Extracted rate from https://www.westernunion.com/fr/fr/currency-converter/eur-to-mad-rate.html: 1 EUR = 10.8387
2025-06-27 08:56:20,078 - INFO - ====== WebDriver manager ======
2025-06-27 08:56:21,719 - INFO - Get LATEST chromedriver version for google-chrome
2025-06-27 08:56:22,327 - INFO - Get LATEST chromedriver version for google-chrome
2025-06-27 08:56:23,208 - INFO - Driver [C:\Users\USER\.wdm\drivers\chromedriver\win64\137.0.7151.119\chromedriver-win32/chromedriver.exe] found in cache
2025-06-27 08:56:30,463 - INFO - Clicked on cookie consent button.
2025-06-27 08:56:31,952 - INFO - Saved screenshot to moneygram_debug_1751010991.png
2025-06-27 08:56:32,018 - INFO - MoneyGram found text: Send up to 8,809.00 EUR
2025-06-27 08:56:32,028 - INFO - MoneyGram found text: 1 EUR = 3.4170 TND
2025-06-27 08:56:38,421 - INFO - ====== WebDriver manager ======
2025-06-27 08:56:39,377 - INFO - Get LATEST chromedriver version for google-chrome
2025-06-27 08:56:39,889 - INFO - Get LATEST chromedriver version for google-chrome
2025-06-27 08:56:40,398 - INFO - Driver [C:\Users\USER\.wdm\drivers\chromedriver\win64\137.0.7151.119\chromedriver-win32/chromedriver.exe] found in cache
2025-06-27 08:56:48,928 - INFO - Clicked on cookie consent button.
2025-06-27 08:56:50,308 - INFO - Saved screenshot to moneygram_debug_1751011009.png
2025-06-27 08:56:50,341 - INFO - MoneyGram found text: Send up to 8,809.00 EUR
2025-06-27 08:56:50,354 - INFO - MoneyGram found text: 1 EUR = 10.6375 MAD
2025-06-27 08:56:56,722 - INFO - ====== WebDriver manager ======
2025-06-27 08:56:57,707 - INFO - Get LATEST chromedriver version for google-chrome
2025-06-27 08:56:58,603 - INFO - Get LATEST chromedriver version for google-chrome
2025-06-27 08:56:59,619 - INFO - Driver [C:\Users\USER\.wdm\drivers\chromedriver\win64\137.0.7151.119\chromedriver-win32/chromedriver.exe] found in cache
2025-06-27 08:57:05,699 - INFO - LemFi found text: Voir nos tarifs
2025-06-27 08:57:05,709 - INFO - LemFi found text: 1 EUR = 3.33 TND
2025-06-27 08:57:11,952 - INFO - ====== WebDriver manager ======
2025-06-27 08:57:13,069 - INFO - Get LATEST chromedriver version for google-chrome
2025-06-27 08:57:14,161 - INFO - Get LATEST chromedriver version for google-chrome
2025-06-27 08:57:15,215 - INFO - Driver [C:\Users\USER\.wdm\drivers\chromedriver\win64\137.0.7151.119\chromedriver-win32/chromedriver.exe] found in cache
2025-06-27 08:57:21,286 - INFO - LemFi found text: Voir nos tarifs
2025-06-27 08:57:21,304 - INFO - LemFi found text: 1 EUR = 10.43 MAD
2025-06-27 08:57:27,577 - INFO - ====== WebDriver manager ======
2025-06-27 08:57:28,493 - INFO - Get LATEST chromedriver version for google-chrome
2025-06-27 08:57:29,018 - INFO - Get LATEST chromedriver version for google-chrome
2025-06-27 08:57:29,514 - INFO - Driver [C:\Users\USER\.wdm\drivers\chromedriver\win64\137.0.7151.119\chromedriver-win32/chromedriver.exe] found in cache
2025-06-27 08:57:35,077 - INFO - Remitly found text: 1 EUR = 3,3068 TND
2025-06-27 08:57:41,390 - INFO - ====== WebDriver manager ======
2025-06-27 08:57:42,310 - INFO - Get LATEST chromedriver version for google-chrome
2025-06-27 08:57:42,825 - INFO - Get LATEST chromedriver version for google-chrome
2025-06-27 08:57:43,360 - INFO - Driver [C:\Users\USER\.wdm\drivers\chromedriver\win64\137.0.7151.119\chromedriver-win32/chromedriver.exe] found in cache
2025-06-27 08:57:49,207 - INFO - Remitly found text: 1 EUR = 10,69 MAD
2025-06-27 08:57:55,535 - INFO - ====== WebDriver manager ======
2025-06-27 08:57:57,039 - INFO - Get LATEST chromedriver version for google-chrome
2025-06-27 08:57:58,135 - INFO - Get LATEST chromedriver version for google-chrome
2025-06-27 08:57:59,242 - INFO - Driver [C:\Users\USER\.wdm\drivers\chromedriver\win64\137.0.7151.119\chromedriver-win32/chromedriver.exe] found in cache
2025-06-27 08:58:04,843 - INFO - Ria found text: 1,00000 EUR = 3,39160 TND
2025-06-27 08:58:11,124 - INFO - ====== WebDriver manager ======
2025-06-27 08:58:12,189 - INFO - Get LATEST chromedriver version for google-chrome
2025-06-27 08:58:13,388 - INFO - Get LATEST chromedriver version for google-chrome
2025-06-27 08:58:14,404 - INFO - Driver [C:\Users\USER\.wdm\drivers\chromedriver\win64\137.0.7151.119\chromedriver-win32/chromedriver.exe] found in cache
2025-06-27 08:58:19,524 - INFO - Ria found text: 1,00000 EUR = 10,57662 MAD
2025-06-27 08:58:25,814 - INFO - ====== WebDriver manager ======
2025-06-27 08:58:26,742 - INFO - Get LATEST chromedriver version for google-chrome
2025-06-27 08:58:27,267 - INFO - Get LATEST chromedriver version for google-chrome
2025-06-27 08:58:27,775 - INFO - Driver [C:\Users\USER\.wdm\drivers\chromedriver\win64\137.0.7151.119\chromedriver-win32/chromedriver.exe] found in cache
2025-06-27 08:58:32,041 - INFO - MyEasyTransfer found text: Tunisie
2025-06-27 08:58:32,061 - INFO - MyEasyTransfer found text: Votre Taux de change: 3.29 TND
2025-06-27 08:58:38,266 - INFO - ====== WebDriver manager ======
2025-06-27 08:58:39,178 - INFO - Get LATEST chromedriver version for google-chrome
2025-06-27 08:58:39,699 - INFO - Get LATEST chromedriver version for google-chrome
2025-06-27 08:58:40,231 - INFO - Driver [C:\Users\USER\.wdm\drivers\chromedriver\win64\137.0.7151.119\chromedriver-win32/chromedriver.exe] found in cache
2025-06-27 08:58:44,622 - INFO - MyEasyTransfer found text: Maroc
2025-06-27 08:58:44,641 - INFO - MyEasyTransfer found text: Votre Taux de change: 10.14 MAD
2025-06-27 08:58:50,968 - INFO - Appended rates to western_union_rates.csv
2025-06-27 12:15:22,092 - INFO - Running Western Union scraper once...
2025-06-27 12:15:22,092 - INFO - ====== WebDriver manager ======
2025-06-27 12:15:23,242 - INFO - Get LATEST chromedriver version for google-chrome
2025-06-27 12:15:24,515 - INFO - Get LATEST chromedriver version for google-chrome
2025-06-27 12:15:25,542 - INFO - Driver [C:\Users\USER\.wdm\drivers\chromedriver\win64\137.0.7151.119\chromedriver-win32/chromedriver.exe] found in cache
2025-06-27 12:15:37,679 - INFO - Extracted rate from https://www.westernunion.com/fr/fr/currency-converter/eur-to-tnd-rate.html: 1 EUR = 3.4586
2025-06-27 12:15:44,609 - INFO - ====== WebDriver manager ======
2025-06-27 12:15:45,792 - INFO - Get LATEST chromedriver version for google-chrome
2025-06-27 12:15:46,609 - INFO - Get LATEST chromedriver version for google-chrome
2025-06-27 12:15:47,693 - INFO - Driver [C:\Users\USER\.wdm\drivers\chromedriver\win64\137.0.7151.119\chromedriver-win32/chromedriver.exe] found in cache
2025-06-27 12:15:53,330 - INFO - Extracted rate from https://www.westernunion.com/fr/fr/currency-converter/eur-to-mad-rate.html: 1 EUR = 10.8341
2025-06-27 12:15:59,586 - INFO - ====== WebDriver manager ======
2025-06-27 12:16:00,552 - INFO - Get LATEST chromedriver version for google-chrome
2025-06-27 12:16:01,347 - INFO - Get LATEST chromedriver version for google-chrome
2025-06-27 12:16:02,414 - INFO - Driver [C:\Users\USER\.wdm\drivers\chromedriver\win64\137.0.7151.119\chromedriver-win32/chromedriver.exe] found in cache
2025-06-27 12:16:10,033 - INFO - Clicked on cookie consent button.
2025-06-27 12:16:11,492 - INFO - Saved screenshot to moneygram_debug_1751022971.png
2025-06-27 12:16:11,530 - INFO - MoneyGram found text: Send up to 8,809.00 EUR
2025-06-27 12:16:11,542 - INFO - MoneyGram found text: 1 EUR = 3.4170 TND
2025-06-27 12:16:17,892 - INFO - ====== WebDriver manager ======
2025-06-27 12:16:19,081 - INFO - Get LATEST chromedriver version for google-chrome
2025-06-27 12:16:20,147 - INFO - Get LATEST chromedriver version for google-chrome
2025-06-27 12:16:21,229 - INFO - Driver [C:\Users\USER\.wdm\drivers\chromedriver\win64\137.0.7151.119\chromedriver-win32/chromedriver.exe] found in cache
2025-06-27 12:16:31,990 - INFO - Clicked on cookie consent button.
2025-06-27 12:16:33,933 - INFO - Saved screenshot to moneygram_debug_1751022993.png
2025-06-27 12:16:34,048 - INFO - MoneyGram found text: Send up to 8,809.00 EUR
2025-06-27 12:16:34,081 - INFO - MoneyGram found text: 1 EUR = 10.6375 MAD
2025-06-27 12:16:40,523 - INFO - ====== WebDriver manager ======
2025-06-27 12:16:42,074 - INFO - Get LATEST chromedriver version for google-chrome
2025-06-27 12:16:43,172 - INFO - Get LATEST chromedriver version for google-chrome
2025-06-27 12:16:44,217 - INFO - Driver [C:\Users\USER\.wdm\drivers\chromedriver\win64\137.0.7151.119\chromedriver-win32/chromedriver.exe] found in cache
2025-06-27 12:16:50,564 - INFO - LemFi found text: Voir nos tarifs
2025-06-27 12:16:50,588 - INFO - LemFi found text: 1 EUR = 3.33 TND
2025-06-27 12:16:56,829 - INFO - ====== WebDriver manager ======
2025-06-27 12:16:57,867 - INFO - Get LATEST chromedriver version for google-chrome
2025-06-27 12:16:58,998 - INFO - Get LATEST chromedriver version for google-chrome
2025-06-27 12:17:00,045 - INFO - Driver [C:\Users\USER\.wdm\drivers\chromedriver\win64\137.0.7151.119\chromedriver-win32/chromedriver.exe] found in cache
2025-06-27 12:17:06,196 - INFO - LemFi found text: Voir nos tarifs
2025-06-27 12:17:06,214 - INFO - LemFi found text: 1 EUR = 10.43 MAD
2025-06-27 12:17:12,513 - INFO - ====== WebDriver manager ======
2025-06-27 12:17:13,560 - INFO - Get LATEST chromedriver version for google-chrome
2025-06-27 12:17:14,442 - INFO - Get LATEST chromedriver version for google-chrome
2025-06-27 12:17:15,545 - INFO - Driver [C:\Users\USER\.wdm\drivers\chromedriver\win64\137.0.7151.119\chromedriver-win32/chromedriver.exe] found in cache
2025-06-27 12:17:21,024 - INFO - Remitly found text: 1 EUR = 3,2913 TND
2025-06-27 12:17:27,357 - INFO - ====== WebDriver manager ======
2025-06-27 12:17:28,276 - INFO - Get LATEST chromedriver version for google-chrome
2025-06-27 12:17:29,021 - INFO - Get LATEST chromedriver version for google-chrome
2025-06-27 12:17:30,042 - INFO - Driver [C:\Users\USER\.wdm\drivers\chromedriver\win64\137.0.7151.119\chromedriver-win32/chromedriver.exe] found in cache
2025-06-27 12:17:35,333 - INFO - Remitly found text: 1 EUR = 10,69 MAD
2025-06-27 12:17:41,709 - INFO - ====== WebDriver manager ======
2025-06-27 12:17:42,695 - INFO - Get LATEST chromedriver version for google-chrome
2025-06-27 12:17:43,332 - INFO - Get LATEST chromedriver version for google-chrome
2025-06-27 12:17:44,418 - INFO - Driver [C:\Users\USER\.wdm\drivers\chromedriver\win64\137.0.7151.119\chromedriver-win32/chromedriver.exe] found in cache
2025-06-27 12:17:50,392 - INFO - Ria found text: 1,00000 EUR = 3,39160 TND
2025-06-27 12:17:56,679 - INFO - ====== WebDriver manager ======
2025-06-27 12:17:58,263 - INFO - Get LATEST chromedriver version for google-chrome
2025-06-27 12:17:59,327 - INFO - Get LATEST chromedriver version for google-chrome
2025-06-27 12:18:00,398 - INFO - Driver [C:\Users\USER\.wdm\drivers\chromedriver\win64\137.0.7151.119\chromedriver-win32/chromedriver.exe] found in cache
2025-06-27 12:18:05,636 - INFO - Ria found text: 1,00000 EUR = 10,57662 MAD
2025-06-27 12:18:11,809 - INFO - ====== WebDriver manager ======
2025-06-27 12:18:12,725 - INFO - Get LATEST chromedriver version for google-chrome
2025-06-27 12:18:13,259 - INFO - Get LATEST chromedriver version for google-chrome
2025-06-27 12:18:13,763 - INFO - Driver [C:\Users\USER\.wdm\drivers\chromedriver\win64\137.0.7151.119\chromedriver-win32/chromedriver.exe] found in cache
2025-06-27 12:18:18,256 - INFO - MyEasyTransfer found text: Tunisie
2025-06-27 12:18:18,259 - INFO - MyEasyTransfer found text: Votre Taux de change: 3.32 TND
2025-06-27 12:18:24,480 - INFO - ====== WebDriver manager ======
2025-06-27 12:18:25,420 - INFO - Get LATEST chromedriver version for google-chrome
2025-06-27 12:18:25,942 - INFO - Get LATEST chromedriver version for google-chrome
2025-06-27 12:18:26,459 - INFO - Driver [C:\Users\USER\.wdm\drivers\chromedriver\win64\137.0.7151.119\chromedriver-win32/chromedriver.exe] found in cache
2025-06-27 12:18:30,766 - INFO - MyEasyTransfer found text: Maroc
2025-06-27 12:18:30,776 - INFO - MyEasyTransfer found text: Votre Taux de change: 10.14 MAD
2025-06-27 12:18:37,070 - INFO - Appended rates to western_union_rates.csv
2025-06-27 12:18:39,323 - INFO - Email sent to ikbeghrab13@gmail.com with attachment western_union_rates.csv
2025-06-30 09:16:00,117 - INFO - Running Western Union scraper once...
2025-06-30 09:16:00,125 - INFO - ====== WebDriver manager ======
2025-06-30 09:16:05,041 - INFO - Get LATEST chromedriver version for google-chrome
2025-06-30 09:16:06,573 - INFO - Get LATEST chromedriver version for google-chrome
2025-06-30 09:16:07,142 - INFO - There is no [win64] chromedriver "138.0.7204.49" for browser google-chrome "138.0.7204" in cache
2025-06-30 09:16:07,142 - INFO - Get LATEST chromedriver version for google-chrome
2025-06-30 09:16:09,229 - INFO - WebDriver version 138.0.7204.49 selected
2025-06-30 09:16:09,229 - INFO - Modern chrome version https://storage.googleapis.com/chrome-for-testing-public/138.0.7204.49/win32/chromedriver-win32.zip
2025-06-30 09:16:09,245 - INFO - About to download new driver from https://storage.googleapis.com/chrome-for-testing-public/138.0.7204.49/win32/chromedriver-win32.zip
2025-06-30 09:16:10,487 - INFO - Driver downloading response is 200
2025-06-30 09:16:12,478 - INFO - Get LATEST chromedriver version for google-chrome
2025-06-30 09:16:14,833 - INFO - Driver has been saved in cache [C:\Users\USER\.wdm\drivers\chromedriver\win64\138.0.7204.49]
2025-06-30 09:16:25,018 - INFO - Extracted rate from https://www.westernunion.com/fr/fr/currency-converter/eur-to-tnd-rate.html: 1 EUR = 3.468
2025-06-30 09:16:31,808 - INFO - ====== WebDriver manager ======
2025-06-30 09:16:34,790 - INFO - Get LATEST chromedriver version for google-chrome
2025-06-30 09:16:37,241 - INFO - Get LATEST chromedriver version for google-chrome
2025-06-30 09:16:39,050 - INFO - Driver [C:\Users\USER\.wdm\drivers\chromedriver\win64\138.0.7204.49\chromedriver-win32/chromedriver.exe] found in cache
2025-06-30 09:16:50,199 - INFO - Extracted rate from https://www.westernunion.com/fr/fr/currency-converter/eur-to-mad-rate.html: 1 EUR = 10.8329
2025-06-30 09:16:58,229 - INFO - ====== WebDriver manager ======
2025-06-30 09:17:01,840 - INFO - Get LATEST chromedriver version for google-chrome
2025-06-30 09:17:03,750 - INFO - Get LATEST chromedriver version for google-chrome
2025-06-30 09:17:05,492 - INFO - Driver [C:\Users\USER\.wdm\drivers\chromedriver\win64\138.0.7204.49\chromedriver-win32/chromedriver.exe] found in cache
2025-06-30 09:17:19,027 - INFO - Clicked on cookie consent button.
2025-06-30 09:17:21,732 - INFO - Saved screenshot to moneygram_debug_1751271440.png
2025-06-30 09:17:21,827 - INFO - MoneyGram found text: Send up to 8,809.00 EUR
2025-06-30 09:17:21,848 - INFO - MoneyGram found text: 1 EUR = 3.4170 TND
2025-06-30 09:17:28,543 - INFO - ====== WebDriver manager ======
2025-06-30 09:17:31,544 - INFO - Get LATEST chromedriver version for google-chrome
2025-06-30 09:17:33,138 - INFO - Get LATEST chromedriver version for google-chrome
2025-06-30 09:17:34,655 - INFO - Driver [C:\Users\USER\.wdm\drivers\chromedriver\win64\138.0.7204.49\chromedriver-win32/chromedriver.exe] found in cache
2025-06-30 09:17:43,955 - INFO - Clicked on cookie consent button.
2025-06-30 09:17:45,769 - INFO - Saved screenshot to moneygram_debug_1751271464.png
2025-06-30 09:17:45,871 - INFO - MoneyGram found text: Send up to 8,809.00 EUR
2025-06-30 09:17:45,891 - INFO - MoneyGram found text: 1 EUR = 10.6375 MAD
2025-06-30 09:17:53,027 - INFO - ====== WebDriver manager ======
2025-06-30 09:17:54,966 - INFO - Get LATEST chromedriver version for google-chrome
2025-06-30 09:17:56,067 - INFO - Get LATEST chromedriver version for google-chrome
2025-06-30 09:17:57,209 - INFO - Driver [C:\Users\USER\.wdm\drivers\chromedriver\win64\138.0.7204.49\chromedriver-win32/chromedriver.exe] found in cache
2025-06-30 09:18:03,878 - INFO - LemFi found text: Voir nos tarifs
2025-06-30 09:18:03,906 - INFO - LemFi found text: 1 EUR = 3.32 TND
2025-06-30 09:18:10,248 - INFO - ====== WebDriver manager ======
2025-06-30 09:18:12,215 - INFO - Get LATEST chromedriver version for google-chrome
2025-06-30 09:18:12,751 - INFO - Get LATEST chromedriver version for google-chrome
2025-06-30 09:18:13,434 - INFO - Driver [C:\Users\USER\.wdm\drivers\chromedriver\win64\138.0.7204.49\chromedriver-win32/chromedriver.exe] found in cache
2025-06-30 09:18:19,760 - INFO - LemFi found text: Voir nos tarifs
2025-06-30 09:18:19,779 - INFO - LemFi found text: 1 EUR = 10.5 MAD
2025-06-30 09:18:25,966 - INFO - ====== WebDriver manager ======
2025-06-30 09:18:26,884 - INFO - Get LATEST chromedriver version for google-chrome
2025-06-30 09:18:27,418 - INFO - Get LATEST chromedriver version for google-chrome
2025-06-30 09:18:27,967 - INFO - Driver [C:\Users\USER\.wdm\drivers\chromedriver\win64\138.0.7204.49\chromedriver-win32/chromedriver.exe] found in cache
2025-06-30 09:18:33,559 - INFO - Remitly found text: 1 EUR = 3,3108 TND
2025-06-30 09:18:39,754 - INFO - ====== WebDriver manager ======
2025-06-30 09:18:40,944 - INFO - Get LATEST chromedriver version for google-chrome
2025-06-30 09:18:41,546 - INFO - Get LATEST chromedriver version for google-chrome
2025-06-30 09:18:42,685 - INFO - Driver [C:\Users\USER\.wdm\drivers\chromedriver\win64\138.0.7204.49\chromedriver-win32/chromedriver.exe] found in cache
2025-06-30 09:18:48,151 - INFO - Remitly found text: 1 EUR = 10,70 MAD
2025-06-30 09:18:54,450 - INFO - ====== WebDriver manager ======
2025-06-30 09:18:55,403 - INFO - Get LATEST chromedriver version for google-chrome
2025-06-30 09:18:55,925 - INFO - Get LATEST chromedriver version for google-chrome
2025-06-30 09:18:56,456 - INFO - Driver [C:\Users\USER\.wdm\drivers\chromedriver\win64\138.0.7204.49\chromedriver-win32/chromedriver.exe] found in cache
2025-06-30 09:19:02,078 - INFO - Ria found text: 1,00000 EUR = 3,36617 TND
2025-06-30 09:19:08,294 - INFO - ====== WebDriver manager ======
2025-06-30 09:19:09,247 - INFO - Get LATEST chromedriver version for google-chrome
2025-06-30 09:19:09,778 - INFO - Get LATEST chromedriver version for google-chrome
2025-06-30 09:19:10,496 - INFO - Driver [C:\Users\USER\.wdm\drivers\chromedriver\win64\138.0.7204.49\chromedriver-win32/chromedriver.exe] found in cache
2025-06-30 09:19:16,091 - INFO - Ria found text: 1,00000 EUR = 10,56921 MAD
2025-06-30 09:19:22,372 - INFO - ====== WebDriver manager ======
2025-06-30 09:19:23,284 - INFO - Get LATEST chromedriver version for google-chrome
2025-06-30 09:19:23,819 - INFO - Get LATEST chromedriver version for google-chrome
2025-06-30 09:19:24,867 - INFO - Driver [C:\Users\USER\.wdm\drivers\chromedriver\win64\138.0.7204.49\chromedriver-win32/chromedriver.exe] found in cache
2025-06-30 09:19:29,176 - INFO - MyEasyTransfer found text: Tunisie
2025-06-30 09:19:29,192 - INFO - MyEasyTransfer found text: Votre Taux de change: 655.96 TND
2025-06-30 09:19:35,388 - INFO - ====== WebDriver manager ======
2025-06-30 09:19:36,340 - INFO - Get LATEST chromedriver version for google-chrome
2025-06-30 09:19:36,889 - INFO - Get LATEST chromedriver version for google-chrome
2025-06-30 09:19:37,430 - INFO - Driver [C:\Users\USER\.wdm\drivers\chromedriver\win64\138.0.7204.49\chromedriver-win32/chromedriver.exe] found in cache
2025-06-30 09:19:41,872 - INFO - MyEasyTransfer found text: Maroc
2025-06-30 09:19:41,891 - INFO - MyEasyTransfer found text: Votre Taux de change: MAD
2025-06-30 09:19:44,029 - ERROR - Attempt 1: Error extracting rate from MyEasyTransfer https://www.myeasytransfer.com/convertisseur-euro-mad-maroc: Taux non trouvé sur la page MyEasyTransfer pour MAD
2025-06-30 09:19:48,169 - WARNING - Retrying (Retry(total=2, connect=None, read=None, redirect=None, status=None)) after connection broken by 'NewConnectionError('<urllib3.connection.HTTPConnection object at 0x00000227EB7A7110>: Failed to establish a new connection: [WinError 10061] Aucune connexion n’a pu être établie car l’ordinateur cible l’a expressément refusée')': /session/39556ef833d9141eabcfe0347a17b276
2025-06-30 09:19:52,263 - WARNING - Retrying (Retry(total=1, connect=None, read=None, redirect=None, status=None)) after connection broken by 'NewConnectionError('<urllib3.connection.HTTPConnection object at 0x00000227EB7A5DD0>: Failed to establish a new connection: [WinError 10061] Aucune connexion n’a pu être établie car l’ordinateur cible l’a expressément refusée')': /session/39556ef833d9141eabcfe0347a17b276
2025-06-30 09:19:56,319 - WARNING - Retrying (Retry(total=0, connect=None, read=None, redirect=None, status=None)) after connection broken by 'NewConnectionError('<urllib3.connection.HTTPConnection object at 0x00000227EB7A5190>: Failed to establish a new connection: [WinError 10061] Aucune connexion n’a pu être établie car l’ordinateur cible l’a expressément refusée')': /session/39556ef833d9141eabcfe0347a17b276
2025-06-30 09:20:07,450 - INFO - ====== WebDriver manager ======
2025-06-30 09:20:08,938 - INFO - Get LATEST chromedriver version for google-chrome
2025-06-30 09:20:10,135 - INFO - Get LATEST chromedriver version for google-chrome
2025-06-30 09:20:11,272 - INFO - Driver [C:\Users\USER\.wdm\drivers\chromedriver\win64\138.0.7204.49\chromedriver-win32/chromedriver.exe] found in cache
2025-06-30 09:20:19,403 - INFO - MyEasyTransfer found text: Maroc
2025-06-30 09:20:19,415 - INFO - MyEasyTransfer found text: Votre Taux de change: MAD
2025-06-30 09:20:21,554 - ERROR - Attempt 2: Error extracting rate from MyEasyTransfer https://www.myeasytransfer.com/convertisseur-euro-mad-maroc: Taux non trouvé sur la page MyEasyTransfer pour MAD
2025-06-30 09:20:25,596 - WARNING - Retrying (Retry(total=2, connect=None, read=None, redirect=None, status=None)) after connection broken by 'NewConnectionError('<urllib3.connection.HTTPConnection object at 0x00000227EB7D9150>: Failed to establish a new connection: [WinError 10061] Aucune connexion n’a pu être établie car l’ordinateur cible l’a expressément refusée')': /session/aa5d6794e46714631c8556a811f64993
2025-06-30 09:20:29,644 - WARNING - Retrying (Retry(total=1, connect=None, read=None, redirect=None, status=None)) after connection broken by 'NewConnectionError('<urllib3.connection.HTTPConnection object at 0x00000227EB7D92D0>: Failed to establish a new connection: [WinError 10061] Aucune connexion n’a pu être établie car l’ordinateur cible l’a expressément refusée')': /session/aa5d6794e46714631c8556a811f64993
2025-06-30 09:20:33,716 - WARNING - Retrying (Retry(total=0, connect=None, read=None, redirect=None, status=None)) after connection broken by 'NewConnectionError('<urllib3.connection.HTTPConnection object at 0x00000227EB7DBB50>: Failed to establish a new connection: [WinError 10061] Aucune connexion n’a pu être établie car l’ordinateur cible l’a expressément refusée')': /session/aa5d6794e46714631c8556a811f64993
2025-06-30 09:20:44,857 - INFO - ====== WebDriver manager ======
2025-06-30 09:20:46,113 - INFO - Get LATEST chromedriver version for google-chrome
2025-06-30 09:20:46,663 - INFO - Get LATEST chromedriver version for google-chrome
2025-06-30 09:20:47,499 - INFO - Driver [C:\Users\USER\.wdm\drivers\chromedriver\win64\138.0.7204.49\chromedriver-win32/chromedriver.exe] found in cache
2025-06-30 09:20:56,856 - INFO - MyEasyTransfer found text: Maroc
2025-06-30 09:20:56,856 - INFO - MyEasyTransfer found text: Votre Taux de change: MAD
2025-06-30 09:20:58,998 - ERROR - Attempt 3: Error extracting rate from MyEasyTransfer https://www.myeasytransfer.com/convertisseur-euro-mad-maroc: Taux non trouvé sur la page MyEasyTransfer pour MAD
2025-06-30 09:21:03,060 - WARNING - Retrying (Retry(total=2, connect=None, read=None, redirect=None, status=None)) after connection broken by 'NewConnectionError('<urllib3.connection.HTTPConnection object at 0x00000227EC72CB90>: Failed to establish a new connection: [WinError 10061] Aucune connexion n’a pu être établie car l’ordinateur cible l’a expressément refusée')': /session/f47e1ae57b9ac14e7dbf3db676c2772a
2025-06-30 09:21:07,169 - WARNING - Retrying (Retry(total=1, connect=None, read=None, redirect=None, status=None)) after connection broken by 'NewConnectionError('<urllib3.connection.HTTPConnection object at 0x00000227EC72C690>: Failed to establish a new connection: [WinError 10061] Aucune connexion n’a pu être établie car l’ordinateur cible l’a expressément refusée')': /session/f47e1ae57b9ac14e7dbf3db676c2772a
2025-06-30 09:21:11,248 - WARNING - Retrying (Retry(total=0, connect=None, read=None, redirect=None, status=None)) after connection broken by 'NewConnectionError('<urllib3.connection.HTTPConnection object at 0x00000227EC72FA50>: Failed to establish a new connection: [WinError 10061] Aucune connexion n’a pu être établie car l’ordinateur cible l’a expressément refusée')': /session/f47e1ae57b9ac14e7dbf3db676c2772a
2025-06-30 09:21:26,544 - WARNING - Retrying (Retry(total=2, connect=None, read=None, redirect=None, status=None)) after connection broken by 'NewConnectionError('<urllib3.connection.HTTPConnection object at 0x00000227EC72E790>: Failed to establish a new connection: [WinError 10061] Aucune connexion n’a pu être établie car l’ordinateur cible l’a expressément refusée')': /session/f47e1ae57b9ac14e7dbf3db676c2772a
2025-06-30 09:21:30,638 - WARNING - Retrying (Retry(total=1, connect=None, read=None, redirect=None, status=None)) after connection broken by 'NewConnectionError('<urllib3.connection.HTTPConnection object at 0x00000227EC72D9D0>: Failed to establish a new connection: [WinError 10061] Aucune connexion n’a pu être établie car l’ordinateur cible l’a expressément refusée')': /session/f47e1ae57b9ac14e7dbf3db676c2772a
2025-06-30 09:21:34,699 - WARNING - Retrying (Retry(total=0, connect=None, read=None, redirect=None, status=None)) after connection broken by 'NewConnectionError('<urllib3.connection.HTTPConnection object at 0x00000227EB776F10>: Failed to establish a new connection: [WinError 10061] Aucune connexion n’a pu être établie car l’ordinateur cible l’a expressément refusée')': /session/f47e1ae57b9ac14e7dbf3db676c2772a
2025-06-30 09:21:42,872 - ERROR - Error scraping EUR-MAD (MyEasyTransfer): Failed to extract rate from MyEasyTransfer https://www.myeasytransfer.com/convertisseur-euro-mad-maroc after 3 retries
2025-06-30 09:21:42,953 - INFO - Appended rates to western_union_rates.csv
2025-06-30 09:21:49,528 - INFO - Email sent to ikbeghrab13@gmail.com with attachment western_union_rates.csv
2025-06-30 14:20:45,085 - INFO - Running Western Union scraper once...
2025-06-30 14:20:45,086 - INFO - ====== WebDriver manager ======
2025-06-30 14:20:46,573 - INFO - Get LATEST chromedriver version for google-chrome
2025-06-30 14:20:47,874 - INFO - Get LATEST chromedriver version for google-chrome
2025-06-30 14:20:48,970 - INFO - Driver [C:\Users\USER\.wdm\drivers\chromedriver\win64\138.0.7204.49\chromedriver-win32/chromedriver.exe] found in cache
2025-06-30 14:20:56,560 - INFO - Extracted rate from https://www.westernunion.com/fr/fr/currency-converter/eur-to-tnd-rate.html: 1 EUR = 3.4108
2025-06-30 14:21:03,571 - INFO - ====== WebDriver manager ======
2025-06-30 14:21:04,530 - INFO - Get LATEST chromedriver version for google-chrome
2025-06-30 14:21:05,509 - INFO - Get LATEST chromedriver version for google-chrome
2025-06-30 14:21:06,547 - INFO - Driver [C:\Users\USER\.wdm\drivers\chromedriver\win64\138.0.7204.49\chromedriver-win32/chromedriver.exe] found in cache
2025-06-30 14:21:11,672 - INFO - Extracted rate from https://www.westernunion.com/fr/fr/currency-converter/eur-to-mad-rate.html: 1 EUR = 10.8214
2025-06-30 14:21:17,944 - INFO - ====== WebDriver manager ======
2025-06-30 14:21:18,963 - INFO - Get LATEST chromedriver version for google-chrome
2025-06-30 14:21:19,538 - INFO - Get LATEST chromedriver version for google-chrome
2025-06-30 14:21:20,638 - INFO - Driver [C:\Users\USER\.wdm\drivers\chromedriver\win64\138.0.7204.49\chromedriver-win32/chromedriver.exe] found in cache
2025-06-30 14:21:26,869 - INFO - Clicked on cookie consent button.
2025-06-30 14:21:28,599 - INFO - Saved screenshot to moneygram_debug_1751289687.png
2025-06-30 14:21:28,710 - INFO - MoneyGram found text: Send up to 8,809.00 EUR
2025-06-30 14:21:28,724 - INFO - MoneyGram found text: 1 EUR = 3.4170 TND
2025-06-30 14:21:35,125 - INFO - ====== WebDriver manager ======
2025-06-30 14:21:36,433 - INFO - Get LATEST chromedriver version for google-chrome
2025-06-30 14:21:37,437 - INFO - Get LATEST chromedriver version for google-chrome
2025-06-30 14:21:38,512 - INFO - Driver [C:\Users\USER\.wdm\drivers\chromedriver\win64\138.0.7204.49\chromedriver-win32/chromedriver.exe] found in cache
2025-06-30 14:21:45,287 - INFO - Clicked on cookie consent button.
2025-06-30 14:21:46,729 - INFO - Saved screenshot to moneygram_debug_1751289706.png
2025-06-30 14:21:46,778 - INFO - MoneyGram found text: Send up to 8,809.00 EUR
2025-06-30 14:21:46,788 - INFO - MoneyGram found text: 1 EUR = 10.6375 MAD
2025-06-30 14:21:53,189 - INFO - ====== WebDriver manager ======
2025-06-30 14:21:54,238 - INFO - Get LATEST chromedriver version for google-chrome
2025-06-30 14:21:54,783 - INFO - Get LATEST chromedriver version for google-chrome
2025-06-30 14:21:55,848 - INFO - Driver [C:\Users\USER\.wdm\drivers\chromedriver\win64\138.0.7204.49\chromedriver-win32/chromedriver.exe] found in cache
2025-06-30 14:22:02,464 - INFO - LemFi found text: Voir nos tarifs
2025-06-30 14:22:02,483 - INFO - LemFi found text: 1 EUR = 3.34 TND
2025-06-30 14:22:08,736 - INFO - ====== WebDriver manager ======
2025-06-30 14:22:09,645 - INFO - Get LATEST chromedriver version for google-chrome
2025-06-30 14:22:10,168 - INFO - Get LATEST chromedriver version for google-chrome
2025-06-30 14:22:10,685 - INFO - Driver [C:\Users\USER\.wdm\drivers\chromedriver\win64\138.0.7204.49\chromedriver-win32/chromedriver.exe] found in cache
2025-06-30 14:22:16,539 - INFO - LemFi found text: Voir nos tarifs
2025-06-30 14:22:16,550 - INFO - LemFi found text: 1 EUR = 10.5 MAD
2025-06-30 14:22:22,725 - INFO - ====== WebDriver manager ======
2025-06-30 14:22:23,748 - INFO - Get LATEST chromedriver version for google-chrome
2025-06-30 14:22:24,282 - INFO - Get LATEST chromedriver version for google-chrome
2025-06-30 14:22:25,273 - INFO - Driver [C:\Users\USER\.wdm\drivers\chromedriver\win64\138.0.7204.49\chromedriver-win32/chromedriver.exe] found in cache
2025-06-30 14:22:30,226 - INFO - Remitly found text: 1 EUR = 3,2760 TND
2025-06-30 14:22:36,387 - INFO - ====== WebDriver manager ======
2025-06-30 14:22:37,401 - INFO - Get LATEST chromedriver version for google-chrome
2025-06-30 14:22:37,937 - INFO - Get LATEST chromedriver version for google-chrome
2025-06-30 14:22:38,985 - INFO - Driver [C:\Users\USER\.wdm\drivers\chromedriver\win64\138.0.7204.49\chromedriver-win32/chromedriver.exe] found in cache
2025-06-30 14:22:44,181 - INFO - Remitly found text: 1 EUR = 10,69 MAD
2025-06-30 14:22:50,460 - INFO - ====== WebDriver manager ======
2025-06-30 14:22:51,400 - INFO - Get LATEST chromedriver version for google-chrome
2025-06-30 14:22:52,308 - INFO - Get LATEST chromedriver version for google-chrome
2025-06-30 14:22:53,406 - INFO - Driver [C:\Users\USER\.wdm\drivers\chromedriver\win64\138.0.7204.49\chromedriver-win32/chromedriver.exe] found in cache
2025-06-30 14:22:59,178 - INFO - Ria found text: 1,00000 EUR = 3,36617 TND
2025-06-30 14:23:05,331 - INFO - ====== WebDriver manager ======
2025-06-30 14:23:06,280 - INFO - Get LATEST chromedriver version for google-chrome
2025-06-30 14:23:06,821 - INFO - Get LATEST chromedriver version for google-chrome
2025-06-30 14:23:07,342 - INFO - Driver [C:\Users\USER\.wdm\drivers\chromedriver\win64\138.0.7204.49\chromedriver-win32/chromedriver.exe] found in cache
2025-06-30 14:23:12,587 - INFO - Ria found text: 1,00000 EUR = 10,56921 MAD
2025-06-30 14:23:18,742 - INFO - ====== WebDriver manager ======
2025-06-30 14:23:19,997 - INFO - Get LATEST chromedriver version for google-chrome
2025-06-30 14:23:21,046 - INFO - Get LATEST chromedriver version for google-chrome
2025-06-30 14:23:22,347 - INFO - Driver [C:\Users\USER\.wdm\drivers\chromedriver\win64\138.0.7204.49\chromedriver-win32/chromedriver.exe] found in cache
2025-06-30 14:23:27,003 - INFO - MyEasyTransfer found text: Tunisie
2025-06-30 14:23:27,022 - INFO - MyEasyTransfer found text: Votre Taux de change: 655.96 TND
2025-06-30 14:23:33,274 - INFO - ====== WebDriver manager ======
2025-06-30 14:23:34,232 - INFO - Get LATEST chromedriver version for google-chrome
2025-06-30 14:23:34,767 - INFO - Get LATEST chromedriver version for google-chrome
2025-06-30 14:23:35,602 - INFO - Driver [C:\Users\USER\.wdm\drivers\chromedriver\win64\138.0.7204.49\chromedriver-win32/chromedriver.exe] found in cache
2025-06-30 14:23:40,328 - INFO - MyEasyTransfer found text: Maroc
2025-06-30 14:23:40,337 - INFO - MyEasyTransfer found text: Votre Taux de change: MAD
2025-06-30 14:23:42,476 - ERROR - Attempt 1: Error extracting rate from MyEasyTransfer https://www.myeasytransfer.com/convertisseur-euro-mad-maroc: Taux non trouvé sur la page MyEasyTransfer pour MAD
2025-06-30 14:23:46,678 - WARNING - Retrying (Retry(total=2, connect=None, read=None, redirect=None, status=None)) after connection broken by 'NewConnectionError('<urllib3.connection.HTTPConnection object at 0x0000024486D1F310>: Failed to establish a new connection: [WinError 10061] Aucune connexion n’a pu être établie car l’ordinateur cible l’a expressément refusée')': /session/fa3849e5778c6c841af16614120efa5c
2025-06-30 14:23:50,715 - WARNING - Retrying (Retry(total=1, connect=None, read=None, redirect=None, status=None)) after connection broken by 'NewConnectionError('<urllib3.connection.HTTPConnection object at 0x0000024486D1EB50>: Failed to establish a new connection: [WinError 10061] Aucune connexion n’a pu être établie car l’ordinateur cible l’a expressément refusée')': /session/fa3849e5778c6c841af16614120efa5c
2025-06-30 14:23:54,764 - WARNING - Retrying (Retry(total=0, connect=None, read=None, redirect=None, status=None)) after connection broken by 'NewConnectionError('<urllib3.connection.HTTPConnection object at 0x0000024486D1F7D0>: Failed to establish a new connection: [WinError 10061] Aucune connexion n’a pu être établie car l’ordinateur cible l’a expressément refusée')': /session/fa3849e5778c6c841af16614120efa5c
2025-06-30 14:24:05,852 - INFO - ====== WebDriver manager ======
2025-06-30 14:24:06,800 - INFO - Get LATEST chromedriver version for google-chrome
2025-06-30 14:24:07,329 - INFO - Get LATEST chromedriver version for google-chrome
2025-06-30 14:24:07,857 - INFO - Driver [C:\Users\USER\.wdm\drivers\chromedriver\win64\138.0.7204.49\chromedriver-win32/chromedriver.exe] found in cache
2025-06-30 14:24:16,351 - INFO - MyEasyTransfer found text: Maroc
2025-06-30 14:24:16,360 - INFO - MyEasyTransfer found text: Votre Taux de change: 0 MAD
2025-06-30 14:24:22,655 - INFO - Appended rates to western_union_rates.csv
2025-06-30 14:24:24,796 - INFO - Email sent to ikbeghrab13@gmail.com with attachment western_union_rates.csv
2025-07-03 16:07:16,319 - INFO - Running Western Union scraper once...
2025-07-03 16:07:16,321 - INFO - ====== WebDriver manager ======
2025-07-03 16:07:20,704 - INFO - Get LATEST chromedriver version for google-chrome
2025-07-03 16:07:24,817 - INFO - Get LATEST chromedriver version for google-chrome
2025-07-03 16:07:25,412 - INFO - There is no [win64] chromedriver "138.0.7204.92" for browser google-chrome "138.0.7204" in cache
2025-07-03 16:07:25,414 - INFO - Get LATEST chromedriver version for google-chrome
2025-07-03 16:07:27,766 - INFO - WebDriver version 138.0.7204.92 selected
2025-07-03 16:07:27,781 - INFO - Modern chrome version https://storage.googleapis.com/chrome-for-testing-public/138.0.7204.92/win32/chromedriver-win32.zip
2025-07-03 16:07:27,784 - INFO - About to download new driver from https://storage.googleapis.com/chrome-for-testing-public/138.0.7204.92/win32/chromedriver-win32.zip
2025-07-03 16:07:28,914 - INFO - Driver downloading response is 200
2025-07-03 16:07:31,217 - INFO - Get LATEST chromedriver version for google-chrome
2025-07-03 16:07:37,427 - INFO - Driver has been saved in cache [C:\Users\USER\.wdm\drivers\chromedriver\win64\138.0.7204.92]
2025-07-03 16:07:48,555 - INFO - Extracted rate from https://www.westernunion.com/fr/fr/currency-converter/eur-to-tnd-rate.html: 1 EUR = 3.4506
2025-07-03 16:07:54,907 - INFO - ====== WebDriver manager ======
2025-07-03 16:07:56,114 - INFO - Get LATEST chromedriver version for google-chrome
2025-07-03 16:07:57,113 - INFO - Get LATEST chromedriver version for google-chrome
2025-07-03 16:07:58,210 - INFO - Driver [C:\Users\USER\.wdm\drivers\chromedriver\win64\138.0.7204.92\chromedriver-win32/chromedriver.exe] found in cache
2025-07-03 16:08:06,902 - INFO - Extracted rate from https://www.westernunion.com/fr/fr/currency-converter/eur-to-mad-rate.html: 1 EUR = 10.8251
2025-07-03 16:08:13,092 - INFO - ====== WebDriver manager ======
2025-07-03 16:08:14,399 - INFO - Get LATEST chromedriver version for google-chrome
2025-07-03 16:08:15,302 - INFO - Get LATEST chromedriver version for google-chrome
2025-07-03 16:08:16,395 - INFO - Driver [C:\Users\USER\.wdm\drivers\chromedriver\win64\138.0.7204.92\chromedriver-win32/chromedriver.exe] found in cache
2025-07-03 16:08:27,711 - INFO - No cookie consent button found or already accepted.
2025-07-03 16:08:28,601 - INFO - Saved screenshot to moneygram_debug_1751555308.png
2025-07-03 16:08:28,645 - INFO - MoneyGram found text: Send up to 8,809.00 EUR
2025-07-03 16:08:28,655 - INFO - MoneyGram found text: 1 EUR = 3.4170 TND
2025-07-03 16:08:34,986 - INFO - ====== WebDriver manager ======
2025-07-03 16:08:36,256 - INFO - Get LATEST chromedriver version for google-chrome
2025-07-03 16:08:37,389 - INFO - Get LATEST chromedriver version for google-chrome
2025-07-03 16:08:38,436 - INFO - Driver [C:\Users\USER\.wdm\drivers\chromedriver\win64\138.0.7204.92\chromedriver-win32/chromedriver.exe] found in cache
2025-07-03 16:08:48,064 - INFO - Clicked on cookie consent button.
2025-07-03 16:08:49,977 - INFO - Saved screenshot to moneygram_debug_1751555329.png
2025-07-03 16:08:50,052 - INFO - MoneyGram found text: Send up to 8,809.00 EUR
2025-07-03 16:08:50,074 - INFO - MoneyGram found text: 1 EUR = 10.6375 MAD
2025-07-03 16:08:56,453 - INFO - ====== WebDriver manager ======
2025-07-03 16:08:58,308 - INFO - Get LATEST chromedriver version for google-chrome
2025-07-03 16:08:59,395 - INFO - Get LATEST chromedriver version for google-chrome
2025-07-03 16:09:00,432 - INFO - Driver [C:\Users\USER\.wdm\drivers\chromedriver\win64\138.0.7204.92\chromedriver-win32/chromedriver.exe] found in cache
2025-07-03 16:09:06,675 - INFO - LemFi found text: Voir nos tarifs
2025-07-03 16:09:06,695 - INFO - LemFi found text: 1 EUR = 3.36 TND
2025-07-03 16:09:13,003 - INFO - ====== WebDriver manager ======
2025-07-03 16:09:13,992 - INFO - Get LATEST chromedriver version for google-chrome
2025-07-03 16:09:15,066 - INFO - Get LATEST chromedriver version for google-chrome
2025-07-03 16:09:16,165 - INFO - Driver [C:\Users\USER\.wdm\drivers\chromedriver\win64\138.0.7204.92\chromedriver-win32/chromedriver.exe] found in cache
2025-07-03 16:09:34,076 - INFO - LemFi found text: Voir nos tarifs
2025-07-03 16:09:34,185 - INFO - LemFi found text: 1 EUR = 10.47 MAD
2025-07-03 16:09:41,919 - INFO - ====== WebDriver manager ======
2025-07-03 16:09:44,322 - INFO - Get LATEST chromedriver version for google-chrome
2025-07-03 16:09:45,457 - INFO - Get LATEST chromedriver version for google-chrome
2025-07-03 16:09:46,522 - INFO - Driver [C:\Users\USER\.wdm\drivers\chromedriver\win64\138.0.7204.92\chromedriver-win32/chromedriver.exe] found in cache
2025-07-03 16:09:52,912 - INFO - Remitly found text: 1 EUR = 3,3170 TND
2025-07-03 16:09:59,204 - INFO - ====== WebDriver manager ======
2025-07-03 16:10:00,698 - INFO - Get LATEST chromedriver version for google-chrome
2025-07-03 16:10:01,786 - INFO - Get LATEST chromedriver version for google-chrome
2025-07-03 16:10:02,855 - INFO - Driver [C:\Users\USER\.wdm\drivers\chromedriver\win64\138.0.7204.92\chromedriver-win32/chromedriver.exe] found in cache
2025-07-03 16:10:08,994 - INFO - Remitly found text: 1 EUR = 10,70 MAD
2025-07-03 16:10:15,322 - INFO - ====== WebDriver manager ======
2025-07-03 16:10:16,337 - INFO - Get LATEST chromedriver version for google-chrome
2025-07-03 16:10:16,882 - INFO - Get LATEST chromedriver version for google-chrome
2025-07-03 16:10:17,930 - INFO - Driver [C:\Users\USER\.wdm\drivers\chromedriver\win64\138.0.7204.92\chromedriver-win32/chromedriver.exe] found in cache
2025-07-03 16:10:24,299 - INFO - Ria found text: 1,00000 EUR = 3,40082 TND
2025-07-03 16:10:30,609 - INFO - ====== WebDriver manager ======
2025-07-03 16:10:31,572 - INFO - Get LATEST chromedriver version for google-chrome
2025-07-03 16:10:32,424 - INFO - Get LATEST chromedriver version for google-chrome
2025-07-03 16:10:33,494 - INFO - Driver [C:\Users\USER\.wdm\drivers\chromedriver\win64\138.0.7204.92\chromedriver-win32/chromedriver.exe] found in cache
2025-07-03 16:10:38,970 - INFO - Ria found text: 1,00000 EUR = 10,58636 MAD
2025-07-03 16:10:45,231 - INFO - ====== WebDriver manager ======
2025-07-03 16:10:46,253 - INFO - Get LATEST chromedriver version for google-chrome
2025-07-03 16:10:46,873 - INFO - Get LATEST chromedriver version for google-chrome
2025-07-03 16:10:47,961 - INFO - Driver [C:\Users\USER\.wdm\drivers\chromedriver\win64\138.0.7204.92\chromedriver-win32/chromedriver.exe] found in cache
2025-07-03 16:10:52,351 - INFO - MyEasyTransfer found text: Tunisie
2025-07-03 16:10:52,361 - INFO - MyEasyTransfer found text: Votre Taux de change: 655.96 TND
2025-07-03 16:10:58,595 - INFO - ====== WebDriver manager ======
2025-07-03 16:10:59,839 - INFO - Get LATEST chromedriver version for google-chrome
2025-07-03 16:11:00,985 - INFO - Get LATEST chromedriver version for google-chrome
2025-07-03 16:11:02,114 - INFO - Driver [C:\Users\USER\.wdm\drivers\chromedriver\win64\138.0.7204.92\chromedriver-win32/chromedriver.exe] found in cache
2025-07-03 16:11:06,523 - INFO - MyEasyTransfer found text: Maroc
2025-07-03 16:11:06,541 - INFO - MyEasyTransfer found text: Votre Taux de change: MAD
2025-07-03 16:11:08,733 - ERROR - Attempt 1: Error extracting rate from MyEasyTransfer https://www.myeasytransfer.com/convertisseur-euro-mad-maroc: Taux non trouvé sur la page MyEasyTransfer pour MAD
2025-07-03 16:11:12,844 - WARNING - Retrying (Retry(total=2, connect=None, read=None, redirect=None, status=None)) after connection broken by 'NewConnectionError('<urllib3.connection.HTTPConnection object at 0x0000021B01CEAD90>: Failed to establish a new connection: [WinError 10061] Aucune connexion n’a pu être établie car l’ordinateur cible l’a expressément refusée')': /session/8e6bc6275f3937e254dd536df2c67439
2025-07-03 16:11:16,913 - WARNING - Retrying (Retry(total=1, connect=None, read=None, redirect=None, status=None)) after connection broken by 'NewConnectionError('<urllib3.connection.HTTPConnection object at 0x0000021B01CE8450>: Failed to establish a new connection: [WinError 10061] Aucune connexion n’a pu être établie car l’ordinateur cible l’a expressément refusée')': /session/8e6bc6275f3937e254dd536df2c67439
2025-07-03 16:11:20,945 - WARNING - Retrying (Retry(total=0, connect=None, read=None, redirect=None, status=None)) after connection broken by 'NewConnectionError('<urllib3.connection.HTTPConnection object at 0x0000021B01CE8A90>: Failed to establish a new connection: [WinError 10061] Aucune connexion n’a pu être établie car l’ordinateur cible l’a expressément refusée')': /session/8e6bc6275f3937e254dd536df2c67439
2025-07-03 16:11:32,030 - INFO - ====== WebDriver manager ======
2025-07-03 16:11:34,157 - INFO - Get LATEST chromedriver version for google-chrome
2025-07-03 16:11:35,121 - INFO - Get LATEST chromedriver version for google-chrome
2025-07-03 16:11:36,193 - INFO - Driver [C:\Users\USER\.wdm\drivers\chromedriver\win64\138.0.7204.92\chromedriver-win32/chromedriver.exe] found in cache
2025-07-03 16:11:47,071 - INFO - MyEasyTransfer found text: Maroc
2025-07-03 16:11:47,081 - INFO - MyEasyTransfer found text: Votre Taux de change: MAD
2025-07-03 16:11:49,263 - ERROR - Attempt 2: Error extracting rate from MyEasyTransfer https://www.myeasytransfer.com/convertisseur-euro-mad-maroc: Taux non trouvé sur la page MyEasyTransfer pour MAD
2025-07-03 16:11:53,354 - WARNING - Retrying (Retry(total=2, connect=None, read=None, redirect=None, status=None)) after connection broken by 'NewConnectionError('<urllib3.connection.HTTPConnection object at 0x0000021B01CF47D0>: Failed to establish a new connection: [WinError 10061] Aucune connexion n’a pu être établie car l’ordinateur cible l’a expressément refusée')': /session/a949168b41d455ee6500b32cd0c5e7cd
2025-07-03 16:11:57,409 - WARNING - Retrying (Retry(total=1, connect=None, read=None, redirect=None, status=None)) after connection broken by 'NewConnectionError('<urllib3.connection.HTTPConnection object at 0x0000021B01CF7B10>: Failed to establish a new connection: [WinError 10061] Aucune connexion n’a pu être établie car l’ordinateur cible l’a expressément refusée')': /session/a949168b41d455ee6500b32cd0c5e7cd
2025-07-03 16:12:01,472 - WARNING - Retrying (Retry(total=0, connect=None, read=None, redirect=None, status=None)) after connection broken by 'NewConnectionError('<urllib3.connection.HTTPConnection object at 0x0000021B01CF6510>: Failed to establish a new connection: [WinError 10061] Aucune connexion n’a pu être établie car l’ordinateur cible l’a expressément refusée')': /session/a949168b41d455ee6500b32cd0c5e7cd
2025-07-03 16:12:12,587 - INFO - ====== WebDriver manager ======
2025-07-03 16:12:14,231 - INFO - Get LATEST chromedriver version for google-chrome
2025-07-03 16:12:14,845 - INFO - Get LATEST chromedriver version for google-chrome
2025-07-03 16:12:15,920 - INFO - Driver [C:\Users\USER\.wdm\drivers\chromedriver\win64\138.0.7204.92\chromedriver-win32/chromedriver.exe] found in cache
2025-07-03 16:12:24,693 - INFO - MyEasyTransfer found text: Maroc
2025-07-03 16:12:24,702 - INFO - MyEasyTransfer found text: Votre Taux de change: MAD
2025-07-03 16:12:26,833 - ERROR - Attempt 3: Error extracting rate from MyEasyTransfer https://www.myeasytransfer.com/convertisseur-euro-mad-maroc: Taux non trouvé sur la page MyEasyTransfer pour MAD
2025-07-03 16:12:30,894 - WARNING - Retrying (Retry(total=2, connect=None, read=None, redirect=None, status=None)) after connection broken by 'NewConnectionError('<urllib3.connection.HTTPConnection object at 0x0000021B02C35010>: Failed to establish a new connection: [WinError 10061] Aucune connexion n’a pu être établie car l’ordinateur cible l’a expressément refusée')': /session/676542b5d415b95f547a3799f664a7c9
2025-07-03 16:12:34,925 - WARNING - Retrying (Retry(total=1, connect=None, read=None, redirect=None, status=None)) after connection broken by 'NewConnectionError('<urllib3.connection.HTTPConnection object at 0x0000021B02C36610>: Failed to establish a new connection: [WinError 10061] Aucune connexion n’a pu être établie car l’ordinateur cible l’a expressément refusée')': /session/676542b5d415b95f547a3799f664a7c9
2025-07-03 16:12:38,956 - WARNING - Retrying (Retry(total=0, connect=None, read=None, redirect=None, status=None)) after connection broken by 'NewConnectionError('<urllib3.connection.HTTPConnection object at 0x0000021B02C37B50>: Failed to establish a new connection: [WinError 10061] Aucune connexion n’a pu être établie car l’ordinateur cible l’a expressément refusée')': /session/676542b5d415b95f547a3799f664a7c9
2025-07-03 16:12:54,077 - WARNING - Retrying (Retry(total=2, connect=None, read=None, redirect=None, status=None)) after connection broken by 'NewConnectionError('<urllib3.connection.HTTPConnection object at 0x0000021B02C35D90>: Failed to establish a new connection: [WinError 10061] Aucune connexion n’a pu être établie car l’ordinateur cible l’a expressément refusée')': /session/676542b5d415b95f547a3799f664a7c9
2025-07-03 16:12:58,139 - WARNING - Retrying (Retry(total=1, connect=None, read=None, redirect=None, status=None)) after connection broken by 'NewConnectionError('<urllib3.connection.HTTPConnection object at 0x0000021B02C359D0>: Failed to establish a new connection: [WinError 10061] Aucune connexion n’a pu être établie car l’ordinateur cible l’a expressément refusée')': /session/676542b5d415b95f547a3799f664a7c9
2025-07-03 16:13:02,161 - WARNING - Retrying (Retry(total=0, connect=None, read=None, redirect=None, status=None)) after connection broken by 'NewConnectionError('<urllib3.connection.HTTPConnection object at 0x0000021B01C75B50>: Failed to establish a new connection: [WinError 10061] Aucune connexion n’a pu être établie car l’ordinateur cible l’a expressément refusée')': /session/676542b5d415b95f547a3799f664a7c9
2025-07-03 16:13:10,242 - ERROR - Error scraping EUR-MAD (MyEasyTransfer): Failed to extract rate from MyEasyTransfer https://www.myeasytransfer.com/convertisseur-euro-mad-maroc after 3 retries
2025-07-03 16:13:10,502 - INFO - Appended rates to western_union_rates.csv
2025-07-03 16:13:16,878 - INFO - Email sent to ikbeghrab13@gmail.com with attachment western_union_rates.csv
